<?xml version="1.0" encoding="UTF-8"?>
<!-- Generated by org.testng.reporters.JUnitReportReporter -->
<testsuite skipped="0" hostname="DESKTOP-5PBTEKE" name="Framework.homePage" tests="1" failures="0" timestamp="2020-07-15T18:43:02 EDT" time="12.043" errors="0">
  <testcase name="basePageNavigation" time="12.043" classname="Framework.homePage"/>
  <system-out/>
</testsuite> <!-- Framework.homePage -->
