<?xml version="1.0" encoding="UTF-8"?>
<!-- Generated by org.testng.reporters.JUnitReportReporter -->
<testsuite skipped="0" hostname="DESKTOP-5PBTEKE" name="Rediffapp.Framework.homePage" tests="1" failures="0" timestamp="2020-07-14T19:17:15 EDT" time="14.141" errors="0">
  <testcase name="basePageNavigation" time="14.141" classname="Rediffapp.Framework.homePage"/>
  <system-out/>
</testsuite> <!-- Rediffapp.Framework.homePage -->
