<?xml version="1.0" encoding="UTF-8"?>
<!-- Generated by org.testng.reporters.JUnitReportReporter -->
<testsuite skipped="0" hostname="DESKTOP-5PBTEKE" name="Framework.AppTest" tests="1" failures="0" timestamp="2020-07-15T17:54:37 EDT" time="0.004" errors="0">
  <testcase name="testApp" time="0.004" classname="Framework.AppTest"/>
  <system-out/>
</testsuite> <!-- Framework.AppTest -->
